[Fri, 29 Sep 2023 17:08:01 GMT] - Error finding zip code for denver, co, us.
[Fri, 29 Sep 2023 17:10:20 GMT] - Error finding zip code for denver, co, us.
[Fri, 29 Sep 2023 17:10:52 GMT] - Error finding zip code for denver, co, us.
[Fri, 29 Sep 2023 17:11:20 GMT] - Error finding zip code for denver, co, us.
[Fri, 29 Sep 2023 17:12:16 GMT] - Error finding zip code for denver, co, us.
[Fri, 29 Sep 2023 17:14:40 GMT] - Error finding zip code for denver, co, us.
[Fri, 29 Sep 2023 17:17:17 GMT] - Error finding zip code for denver, co, us.
[Fri, 29 Sep 2023 17:21:05 GMT] - Error finding zip code for denver, co, us.
[Fri, 29 Sep 2023 17:21:30 GMT] - Error finding zip code for denver, co, us.
[Fri, 29 Sep 2023 17:22:25 GMT] - Error finding zip code for denver, co, us.
[Fri, 29 Sep 2023 17:25:35 GMT] - Error finding zip code RangeError: Maximum call stack size exceeded.
[Fri, 29 Sep 2023 17:28:34 GMT] - Error finding zip code TypeError: dynamo.findZipCode is not a function.
[Fri, 29 Sep 2023 17:28:36 GMT] - Error finding zip code TypeError: dynamo.findZipCode is not a function.
[Fri, 29 Sep 2023 17:30:19 GMT] - Error finding zip code for denver, co, usa.
[Fri, 29 Sep 2023 17:30:44 GMT] - Error finding zip code for denver, co, usa.
[Fri, 29 Sep 2023 17:31:12 GMT] - Error finding zip code for denver, co, usa.
[Fri, 29 Sep 2023 17:32:24 GMT] - Error finding zip code for denver, co, usa.
[Fri, 29 Sep 2023 17:33:01 GMT] - Error finding zip code for denver, co, usa.
[Fri, 29 Sep 2023 17:33:31 GMT] - Error finding zip code for denver, co, usa.
[Fri, 29 Sep 2023 17:33:40 GMT] - Error finding zip code for denver, co, usa.
[Fri, 29 Sep 2023 17:33:56 GMT] - Error finding zip code for denver, co, usa.
[Fri, 29 Sep 2023 17:40:02 GMT] - Error finding zip code for denver, co, usa.
[Fri, 29 Sep 2023 17:58:29 GMT] - Error finding zip code for denver, co, usa.
[Fri, 29 Sep 2023 17:59:54 GMT] - Error finding zip code for Denver, CO, US.
[Fri, 29 Sep 2023 18:06:39 GMT] - Error finding zip code for Denver, CO, US.
[Fri, 29 Sep 2023 18:07:10 GMT] - Error finding zip code for Denver, CO, US.
[Fri, 29 Sep 2023 18:09:25 GMT] - Error finding zip code for Denver, CO, US.
[Fri, 29 Sep 2023 18:24:45 GMT] - Error finding zip code for Denver, CO, US.
[Fri, 29 Sep 2023 19:48:11 GMT] - Error finding zip code for Denver, CO, US.
[Fri, 29 Sep 2023 19:52:09 GMT] - Error finding zip code for Denver, CO, US.
[Fri, 29 Sep 2023 19:52:42 GMT] - Error finding zip code for Denver, CO, US.
[Fri, 29 Sep 2023 19:58:00 GMT] - Error finding zip code for Denver, CO, US.
[Mon, 02 Oct 2023 13:48:01 GMT] - Error finding zip code for undefined, undefined, undefined.
[Mon, 02 Oct 2023 13:48:19 GMT] - Error finding zip code for undefined, undefined, undefined.
[Mon, 02 Oct 2023 13:49:24 GMT] - Error finding zip code for undefined, undefined, undefined.
[Mon, 02 Oct 2023 13:49:53 GMT] - Error finding zip code for St. Louis, MS, USA.
[Mon, 02 Oct 2023 13:50:14 GMT] - Error finding zip code for St Louis, MS, USA.
[Mon, 02 Oct 2023 15:52:13 GMT] - Error finding market for 80421.
[Mon, 02 Oct 2023 15:54:51 GMT] - Error finding market for 80421.
[Mon, 02 Oct 2023 15:55:18 GMT] - Error finding market for 80421.
[Mon, 02 Oct 2023 15:59:26 GMT] - Error finding market for 63195.
[Mon, 02 Oct 2023 15:59:50 GMT] - Error finding market for 63195.
[Mon, 02 Oct 2023 16:00:07 GMT] - Error finding market for 63195.
[Mon, 02 Oct 2023 16:00:33 GMT] - Error finding market for 80421.
[Mon, 02 Oct 2023 16:02:10 GMT] - Error finding market for 34787.
[Mon, 02 Oct 2023 16:03:26 GMT] - Error finding market for 63195.
[Mon, 02 Oct 2023 16:03:41 GMT] - Error finding market for 63195.
[Mon, 02 Oct 2023 16:04:20 GMT] - Error finding market for 63195.
[Mon, 02 Oct 2023 17:28:50 GMT] - Error finding market for 32789.
[Mon, 02 Oct 2023 17:29:10 GMT] - Error finding market for 32801.
[Mon, 02 Oct 2023 17:29:21 GMT] - Error finding market for 32810.
[Fri, 27 Oct 2023 12:06:10 GMT] - Error finding zip code for Denver, CO, US.
[Fri, 27 Oct 2023 12:07:01 GMT] - Error finding zip code for Denver, CO, USA.
[Fri, 27 Oct 2023 12:07:55 GMT] - Error finding zip code for Denver, CO, USA.
[Fri, 27 Oct 2023 12:10:53 GMT] - Error finding zip code for Denver, CO, US.
[Fri, 27 Oct 2023 12:11:06 GMT] - Error finding zip code for St. Louis, MO, USA.
[Fri, 27 Oct 2023 16:34:59 GMT] - Error finding market for 63195.
[Mon, 06 Nov 2023 16:43:27 GMT] - Error finding zip code for St. Louis, MO, USA.
[Mon, 06 Nov 2023 16:44:30 GMT] - Error finding zip code for St. Louis, MO, USA.
[Mon, 06 Nov 2023 16:50:38 GMT] - Error finding zip code for St. Louis, MO, USA.
[Wed, 29 Nov 2023 01:39:19 GMT] - Error finding zip code for orlando, florida, usa.
[Wed, 29 Nov 2023 01:40:24 GMT] - Error finding zip code for orlando, florida, usa.
[Wed, 29 Nov 2023 01:43:13 GMT] - Error finding zip code for orlando, florida, usa.
