Fri, 29 Sep 2023 15:51:40 GMT Server initiated, running on port 5555
Fri, 29 Sep 2023 16:57:58 GMT Server initiated, running on port 5555
Fri, 29 Sep 2023 16:58:46 GMT Server initiated, running on port 5555
Fri, 29 Sep 2023 16:59:16 GMT Server initiated, running on port 5555
Fri, 29 Sep 2023 16:59:46 GMT Server initiated, running on port 5555
Fri, 29 Sep 2023 17:00:00 GMT Server initiated, running on port 5555
Fri, 29 Sep 2023 17:04:12 GMT Server initiated, running on port 5555
Fri, 29 Sep 2023 17:06:08 GMT Server initiated, running on port 5555
Fri, 29 Sep 2023 17:07:16 GMT Server initiated, running on port 5555
Fri, 29 Sep 2023 17:07:45 GMT Server initiated, running on port 5555
[Fri, 29 Sep 2023 17:08:01 GMT] - Finding zip code for denver, co, us.
[Fri, 29 Sep 2023 17:10:20 GMT] - Finding zip code for denver, co, us.
Fri, 29 Sep 2023 17:10:51 GMT Server initiated, running on port 5555
[Fri, 29 Sep 2023 17:10:52 GMT] - Finding zip code for denver, co, us.
Fri, 29 Sep 2023 17:11:17 GMT Server initiated, running on port 5555
[Fri, 29 Sep 2023 17:11:20 GMT] - Finding zip code for denver, co, us.
Fri, 29 Sep 2023 17:12:14 GMT Server initiated, running on port 5555
[Fri, 29 Sep 2023 17:12:16 GMT] - Finding zip code for denver, co, us.
Fri, 29 Sep 2023 17:14:37 GMT Server initiated, running on port 5555
[Fri, 29 Sep 2023 17:14:40 GMT] - Finding zip code for denver, co, us.
Fri, 29 Sep 2023 17:17:13 GMT Server initiated, running on port 5555
[Fri, 29 Sep 2023 17:17:17 GMT] - Finding zip code for denver, co, us.
Fri, 29 Sep 2023 17:19:58 GMT Server initiated, running on port 5555
[Fri, 29 Sep 2023 17:21:05 GMT] - Finding zip code for denver, co, us.
Fri, 29 Sep 2023 17:21:26 GMT Server initiated, running on port 5555
Fri, 29 Sep 2023 17:22:42 GMT Server initiated, running on port 5555
Fri, 29 Sep 2023 17:24:32 GMT Server initiated, running on port 5555
Fri, 29 Sep 2023 17:25:32 GMT Server initiated, running on port 5555
Fri, 29 Sep 2023 17:28:22 GMT Server initiated, running on port 5555
Fri, 29 Sep 2023 17:30:00 GMT Server initiated, running on port 5555
[Fri, 29 Sep 2023 17:30:18 GMT] - Finding zip code for denver, co, usa.
Fri, 29 Sep 2023 17:30:41 GMT Server initiated, running on port 5555
[Fri, 29 Sep 2023 17:30:44 GMT] - Finding zip code for denver, co, usa.
Fri, 29 Sep 2023 17:31:06 GMT Server initiated, running on port 5555
[Fri, 29 Sep 2023 17:31:12 GMT] - Finding zip code for denver, co, usa.
Fri, 29 Sep 2023 17:32:20 GMT Server initiated, running on port 5555
[Fri, 29 Sep 2023 17:32:24 GMT] - Finding zip code for denver, co, usa.
Fri, 29 Sep 2023 17:32:41 GMT Server initiated, running on port 5555
[Fri, 29 Sep 2023 17:33:01 GMT] - Finding zip code for denver, co, usa.
Fri, 29 Sep 2023 17:33:27 GMT Server initiated, running on port 5555
[Fri, 29 Sep 2023 17:33:31 GMT] - Finding zip code for denver, co, usa.
Fri, 29 Sep 2023 17:33:39 GMT Server initiated, running on port 5555
[Fri, 29 Sep 2023 17:33:40 GMT] - Finding zip code for denver, co, usa.
Fri, 29 Sep 2023 17:33:53 GMT Server initiated, running on port 5555
[Fri, 29 Sep 2023 17:33:56 GMT] - Finding zip code for denver, co, usa.
Fri, 29 Sep 2023 17:39:53 GMT Server initiated, running on port 5555
[Fri, 29 Sep 2023 17:40:00 GMT] - Finding zip code for denver, co, usa.
Fri, 29 Sep 2023 17:41:36 GMT Server initiated, running on port 5555
Fri, 29 Sep 2023 17:58:20 GMT Server initiated, running on port 5555
[Fri, 29 Sep 2023 17:58:28 GMT] - Finding zip code for denver, co, usa.
Fri, 29 Sep 2023 17:59:48 GMT Server initiated, running on port 5555
[Fri, 29 Sep 2023 17:59:53 GMT] - Finding zip code for Denver, CO, US.
Fri, 29 Sep 2023 18:04:21 GMT Server initiated, running on port 5555
Fri, 29 Sep 2023 18:06:33 GMT Server initiated, running on port 5555
[Fri, 29 Sep 2023 18:06:39 GMT] - Finding zip code for Denver, CO, US.
Fri, 29 Sep 2023 18:07:06 GMT Server initiated, running on port 5555
[Fri, 29 Sep 2023 18:07:09 GMT] - Finding zip code for Denver, CO, US.
[Fri, 29 Sep 2023 18:09:24 GMT] - Finding zip code for Denver, CO, US.
Fri, 29 Sep 2023 18:16:47 GMT Server initiated, running on port 5555
[Fri, 29 Sep 2023 18:17:01 GMT] - Finding zip code for Denver, CO, US.
Fri, 29 Sep 2023 18:17:49 GMT Server initiated, running on port 5555
[Fri, 29 Sep 2023 18:17:49 GMT] - Finding zip code for Denver, CO, US.
Fri, 29 Sep 2023 18:18:20 GMT Server initiated, running on port 5555
[Fri, 29 Sep 2023 18:18:26 GMT] - Finding zip code for Denver, CO, US.
Fri, 29 Sep 2023 18:21:12 GMT Server initiated, running on port 5555
Fri, 29 Sep 2023 18:21:15 GMT Server initiated, running on port 5555
[Fri, 29 Sep 2023 18:21:21 GMT] - Finding zip code for Denver, CO, US.
[Fri, 29 Sep 2023 18:22:49 GMT] - Finding zip code for Denver, CO, US.
Fri, 29 Sep 2023 18:22:57 GMT Server initiated, running on port 5555
[Fri, 29 Sep 2023 18:22:59 GMT] - Finding zip code for Denver, CO, US.
Fri, 29 Sep 2023 18:23:20 GMT Server initiated, running on port 5555
Fri, 29 Sep 2023 18:23:22 GMT Server initiated, running on port 5555
[Fri, 29 Sep 2023 18:23:23 GMT] - Finding zip code for Denver, CO, US.
Fri, 29 Sep 2023 18:23:31 GMT Server initiated, running on port 5555
[Fri, 29 Sep 2023 18:23:36 GMT] - Finding zip code for Denver, CO, US.
Fri, 29 Sep 2023 18:23:56 GMT Server initiated, running on port 5555
[Fri, 29 Sep 2023 18:24:01 GMT] - Finding zip code for Denver, CO, US.
Fri, 29 Sep 2023 18:24:10 GMT Server initiated, running on port 5555
[Fri, 29 Sep 2023 18:24:11 GMT] - Finding zip code for Denver, CO, US.
Fri, 29 Sep 2023 18:24:31 GMT Server initiated, running on port 5555
[Fri, 29 Sep 2023 18:24:32 GMT] - Finding zip code for Denver, CO, US.
Fri, 29 Sep 2023 18:24:44 GMT Server initiated, running on port 5555
[Fri, 29 Sep 2023 18:24:45 GMT] - Finding zip code for Denver, CO, US.
Fri, 29 Sep 2023 18:24:52 GMT Server initiated, running on port 5555
[Fri, 29 Sep 2023 18:24:52 GMT] - Finding zip code for Denver, CO, US.
Fri, 29 Sep 2023 18:25:04 GMT Server initiated, running on port 5555
[Fri, 29 Sep 2023 18:25:04 GMT] - Finding zip code for Denver, CO, US.
Fri, 29 Sep 2023 18:25:38 GMT Server initiated, running on port 5555
[Fri, 29 Sep 2023 18:25:39 GMT] - Finding zip code for Denver, CO, US.
Fri, 29 Sep 2023 18:25:50 GMT Server initiated, running on port 5555
[Fri, 29 Sep 2023 18:25:51 GMT] - Finding zip code for Denver, CO, US.
Fri, 29 Sep 2023 18:26:18 GMT Server initiated, running on port 5555
Fri, 29 Sep 2023 18:26:27 GMT Server initiated, running on port 5555
[Fri, 29 Sep 2023 18:26:30 GMT] - Finding zip code for Denver, CO, US.
Fri, 29 Sep 2023 18:30:27 GMT Server initiated, running on port 5555
Fri, 29 Sep 2023 18:30:34 GMT Server initiated, running on port 5555
Fri, 29 Sep 2023 18:31:33 GMT Server initiated, running on port 5555
[Fri, 29 Sep 2023 18:31:37 GMT] - Finding zip code for Denver, CO, US.
[Fri, 29 Sep 2023 18:31:37 GMT] - Finding zip code for Denver, CO, US.
Fri, 29 Sep 2023 18:36:54 GMT Server initiated, running on port 5555
[Fri, 29 Sep 2023 18:37:02 GMT] - Finding zip code for Denver, CO, US.
[Fri, 29 Sep 2023 18:37:02 GMT] - Finding zip code for Denver, CO, US.
Fri, 29 Sep 2023 18:55:01 GMT Server initiated, running on port 5555
[Fri, 29 Sep 2023 18:55:07 GMT] - Finding zip code for Denver, CO, US.
[Fri, 29 Sep 2023 18:55:07 GMT] - Finding zip code for Denver, CO, US.
[Fri, 29 Sep 2023 18:58:11 GMT] - Finding zip code for Denver, CO, US.
[Fri, 29 Sep 2023 18:58:11 GMT] - Finding zip code for Denver, CO, US.
Fri, 29 Sep 2023 19:48:04 GMT Server initiated, running on port 5555
[Fri, 29 Sep 2023 19:48:11 GMT] - Finding zip code for Denver, CO, US.
[Fri, 29 Sep 2023 19:48:11 GMT] - Finding zip code for Denver, CO, US.
Fri, 29 Sep 2023 19:52:05 GMT Server initiated, running on port 5555
[Fri, 29 Sep 2023 19:52:08 GMT] - Finding zip code for Denver, CO, US.
[Fri, 29 Sep 2023 19:52:08 GMT] - Finding zip code for Denver, CO, US.
[Fri, 29 Sep 2023 19:52:42 GMT] - Finding zip code for Denver, CO, US.
[Fri, 29 Sep 2023 19:52:42 GMT] - Finding zip code for Denver, CO, US.
[Fri, 29 Sep 2023 19:58:00 GMT] - Finding zip code for Denver, CO, US.
[Fri, 29 Sep 2023 19:58:00 GMT] - Finding zip code for Denver, CO, US.
Fri, 29 Sep 2023 19:59:27 GMT Server initiated, running on port 5555
[Fri, 29 Sep 2023 19:59:33 GMT] - Finding zip code for Denver, CO, US.
[Fri, 29 Sep 2023 19:59:33 GMT] - Finding zip code for Denver, CO, US.
Fri, 29 Sep 2023 20:03:20 GMT Server initiated, running on port 5555
[Fri, 29 Sep 2023 20:03:29 GMT] - Finding zip code for Denver, CO, US.
[Fri, 29 Sep 2023 20:03:29 GMT] - Finding zip code for Denver, CO, US.
Fri, 29 Sep 2023 20:08:33 GMT Server initiated, running on port 5555
Fri, 29 Sep 2023 20:08:43 GMT Server initiated, running on port 5555
Fri, 29 Sep 2023 20:09:11 GMT Server initiated, running on port 5555
Fri, 29 Sep 2023 20:09:42 GMT Server initiated, running on port 5555
Fri, 29 Sep 2023 20:10:02 GMT Server initiated, running on port 5555
Fri, 29 Sep 2023 20:10:27 GMT Server initiated, running on port 5555
Fri, 29 Sep 2023 20:10:56 GMT Server initiated, running on port 5555
Mon, 02 Oct 2023 12:47:30 GMT Server initiated, running on port 5555
[Mon, 02 Oct 2023 12:49:19 GMT] - Finding zip code for Denver, CO, US.
[Mon, 02 Oct 2023 12:49:19 GMT] - Finding zip code for Denver, CO, US.
[Mon, 02 Oct 2023 12:50:12 GMT] - Finding zip code for Denver, CO, USA.
[Mon, 02 Oct 2023 12:50:12 GMT] - Finding zip code for Denver, CO, USA.
Mon, 02 Oct 2023 12:55:43 GMT Server initiated, running on port 5555
Mon, 02 Oct 2023 12:57:56 GMT Server initiated, running on port 5555
Mon, 02 Oct 2023 12:58:58 GMT Server initiated, running on port 5555
Mon, 02 Oct 2023 12:59:06 GMT Server initiated, running on port 5555
Mon, 02 Oct 2023 13:41:12 GMT Server initiated, running on port 5555
Mon, 02 Oct 2023 13:41:13 GMT Server initiated, running on port 5555
[Mon, 02 Oct 2023 13:41:17 GMT] - Finding zip code for Denver, CO, USA.
[Mon, 02 Oct 2023 13:41:17 GMT] - Finding zip code for Denver, CO, USA.
Mon, 02 Oct 2023 13:41:40 GMT Server initiated, running on port 5555
[Mon, 02 Oct 2023 13:41:43 GMT] - Finding zip code for Denver, CO, USA.
[Mon, 02 Oct 2023 13:41:43 GMT] - Finding zip code for Denver, CO, USA.
Mon, 02 Oct 2023 13:42:21 GMT Server initiated, running on port 5555
[Mon, 02 Oct 2023 13:42:25 GMT] - Finding zip code for Denver, CO, USA.
[Mon, 02 Oct 2023 13:42:25 GMT] - Finding zip code for Denver, CO, USA.
Mon, 02 Oct 2023 13:43:42 GMT Server initiated, running on port 5555
Mon, 02 Oct 2023 13:45:13 GMT Server initiated, running on port 5555
Mon, 02 Oct 2023 13:47:22 GMT Server initiated, running on port 5555
Mon, 02 Oct 2023 13:47:58 GMT Server initiated, running on port 5555
[Mon, 02 Oct 2023 13:48:01 GMT] - Finding zip code for undefined, undefined, undefined.
[Mon, 02 Oct 2023 13:48:01 GMT] - Finding zip code for undefined, undefined, undefined.
Mon, 02 Oct 2023 13:48:17 GMT Server initiated, running on port 5555
[Mon, 02 Oct 2023 13:48:19 GMT] - Finding zip code for undefined, undefined, undefined.
[Mon, 02 Oct 2023 13:48:19 GMT] - Finding zip code for undefined, undefined, undefined.
Mon, 02 Oct 2023 13:49:22 GMT Server initiated, running on port 5555
[Mon, 02 Oct 2023 13:49:24 GMT] - Finding zip code for undefined, undefined, undefined.
[Mon, 02 Oct 2023 13:49:24 GMT] - Finding zip code for undefined, undefined, undefined.
[Mon, 02 Oct 2023 13:49:53 GMT] - Finding zip code for St. Louis, MS, USA.
[Mon, 02 Oct 2023 13:49:53 GMT] - Finding zip code for St. Louis, MS, USA.
[Mon, 02 Oct 2023 13:50:14 GMT] - Finding zip code for St Louis, MS, USA.
[Mon, 02 Oct 2023 13:50:14 GMT] - Finding zip code for St Louis, MS, USA.
[Mon, 02 Oct 2023 13:50:48 GMT] - Finding zip code for St Louis, MO, USA.
[Mon, 02 Oct 2023 13:50:48 GMT] - Finding zip code for St Louis, MO, USA.
[Mon, 02 Oct 2023 13:51:01 GMT] - Finding zip code for St. Louis, MO, USA.
[Mon, 02 Oct 2023 13:51:01 GMT] - Finding zip code for St. Louis, MO, USA.
Mon, 02 Oct 2023 14:02:36 GMT Server initiated, running on port 5555
[Mon, 02 Oct 2023 14:02:47 GMT] - Finding zip code for St. Louis, MO, USA.
[Mon, 02 Oct 2023 14:02:47 GMT] - Finding zip code for St. Louis, MO, USA.
Mon, 02 Oct 2023 15:50:47 GMT Server initiated, running on port 5555
Mon, 02 Oct 2023 15:52:10 GMT Server initiated, running on port 5555
[Mon, 02 Oct 2023 15:52:12 GMT] - Finding market for 80421.
[Mon, 02 Oct 2023 15:52:12 GMT] - Finding market for 80421.
Mon, 02 Oct 2023 15:54:27 GMT Server initiated, running on port 5555
Mon, 02 Oct 2023 15:54:47 GMT Server initiated, running on port 5555
[Mon, 02 Oct 2023 15:54:50 GMT] - Finding market for 80421.
[Mon, 02 Oct 2023 15:54:50 GMT] - Finding market for 80421.
Mon, 02 Oct 2023 15:55:14 GMT Server initiated, running on port 5555
[Mon, 02 Oct 2023 15:55:18 GMT] - Finding market for 80421.
[Mon, 02 Oct 2023 15:55:18 GMT] - Finding market for 80421.
Mon, 02 Oct 2023 15:57:40 GMT Server initiated, running on port 5555
[Mon, 02 Oct 2023 15:59:25 GMT] - Finding market for 63195.
[Mon, 02 Oct 2023 15:59:25 GMT] - Finding market for 63195.
Mon, 02 Oct 2023 15:59:48 GMT Server initiated, running on port 5555
[Mon, 02 Oct 2023 15:59:50 GMT] - Finding market for 63195.
[Mon, 02 Oct 2023 15:59:50 GMT] - Finding market for 63195.
Mon, 02 Oct 2023 16:00:02 GMT Server initiated, running on port 5555
[Mon, 02 Oct 2023 16:00:06 GMT] - Finding market for 63195.
[Mon, 02 Oct 2023 16:00:06 GMT] - Finding market for 63195.
Mon, 02 Oct 2023 16:00:17 GMT Server initiated, running on port 5555
[Mon, 02 Oct 2023 16:00:19 GMT] - Finding market for 63195.
[Mon, 02 Oct 2023 16:00:19 GMT] - Finding market for 63195.
[Mon, 02 Oct 2023 16:00:33 GMT] - Finding market for 80421.
[Mon, 02 Oct 2023 16:00:33 GMT] - Finding market for 80421.
[Mon, 02 Oct 2023 16:02:10 GMT] - Finding market for 34787.
[Mon, 02 Oct 2023 16:02:10 GMT] - Finding market for 34787.
[Mon, 02 Oct 2023 16:02:36 GMT] - Finding market for 63195.
[Mon, 02 Oct 2023 16:02:36 GMT] - Finding market for 63195.
Mon, 02 Oct 2023 16:02:59 GMT Server initiated, running on port 5555
[Mon, 02 Oct 2023 16:03:03 GMT] - Finding market for 63195.
[Mon, 02 Oct 2023 16:03:03 GMT] - Finding market for 63195.
Mon, 02 Oct 2023 16:03:22 GMT Server initiated, running on port 5555
[Mon, 02 Oct 2023 16:03:25 GMT] - Finding market for 63195.
[Mon, 02 Oct 2023 16:03:25 GMT] - Finding market for 63195.
[Mon, 02 Oct 2023 16:03:41 GMT] - Finding market for 63195.
[Mon, 02 Oct 2023 16:03:41 GMT] - Finding market for 63195.
Mon, 02 Oct 2023 16:04:16 GMT Server initiated, running on port 5555
[Mon, 02 Oct 2023 16:04:19 GMT] - Finding market for 63195.
[Mon, 02 Oct 2023 16:04:19 GMT] - Finding market for 63195.
Mon, 02 Oct 2023 16:04:26 GMT Server initiated, running on port 5555
[Mon, 02 Oct 2023 16:04:31 GMT] - Finding market for 63195.
[Mon, 02 Oct 2023 16:04:31 GMT] - Finding market for 63195.
Mon, 02 Oct 2023 17:28:38 GMT Server initiated, running on port 5555
[Mon, 02 Oct 2023 17:28:50 GMT] - Finding market for 32789.
[Mon, 02 Oct 2023 17:28:50 GMT] - Finding market for 32789.
[Mon, 02 Oct 2023 17:29:10 GMT] - Finding market for 32801.
[Mon, 02 Oct 2023 17:29:10 GMT] - Finding market for 32801.
[Mon, 02 Oct 2023 17:29:21 GMT] - Finding market for 32810.
[Mon, 02 Oct 2023 17:29:21 GMT] - Finding market for 32810.
Mon, 02 Oct 2023 18:33:03 GMT Server initiated, running on port 5555
Mon, 02 Oct 2023 18:35:15 GMT Server initiated, running on port 5555
Mon, 02 Oct 2023 18:42:35 GMT Server initiated, running on port 5555
Mon, 02 Oct 2023 18:42:50 GMT Server initiated, running on port 5555
Mon, 02 Oct 2023 18:42:58 GMT Server initiated, running on port 5555
Mon, 02 Oct 2023 18:44:50 GMT Server initiated, running on port 5555
Mon, 02 Oct 2023 18:51:01 GMT Server initiated, running on port 5555
Mon, 02 Oct 2023 18:51:32 GMT Server initiated, running on port 5555
Mon, 02 Oct 2023 18:52:11 GMT Server initiated, running on port 5555
Mon, 02 Oct 2023 18:56:55 GMT Server initiated, running on port 5555
Mon, 02 Oct 2023 18:57:31 GMT Server initiated, running on port 5555
Mon, 02 Oct 2023 18:57:35 GMT Server initiated, running on port 5555
Mon, 02 Oct 2023 18:58:13 GMT Server initiated, running on port 5555
Mon, 02 Oct 2023 19:00:45 GMT Server initiated, running on port 5555
Mon, 02 Oct 2023 19:00:58 GMT Server initiated, running on port 5555
Mon, 02 Oct 2023 19:02:01 GMT Server initiated, running on port 5555
Mon, 02 Oct 2023 19:03:50 GMT Server initiated, running on port 5555
Mon, 02 Oct 2023 19:04:32 GMT Server initiated, running on port 5555
Mon, 02 Oct 2023 19:15:11 GMT Server initiated, running on port 5555
Mon, 02 Oct 2023 19:16:59 GMT Server initiated, running on port 5555
Mon, 02 Oct 2023 19:17:44 GMT Server initiated, running on port 5555
Mon, 02 Oct 2023 19:28:27 GMT Server initiated, running on port 5555
Mon, 02 Oct 2023 19:30:42 GMT Server initiated, running on port 5555
Mon, 02 Oct 2023 19:31:55 GMT Server initiated, running on port 5555
Mon, 02 Oct 2023 19:32:07 GMT Server initiated, running on port 5555
Mon, 02 Oct 2023 19:32:32 GMT Server initiated, running on port 5555
Mon, 02 Oct 2023 19:32:46 GMT Server initiated, running on port 5555
Mon, 02 Oct 2023 19:33:24 GMT Server initiated, running on port 5555
Mon, 02 Oct 2023 19:36:30 GMT Server initiated, running on port 5555
Mon, 02 Oct 2023 19:38:47 GMT Server initiated, running on port 5555
Mon, 02 Oct 2023 19:39:05 GMT Server initiated, running on port 5555
Mon, 02 Oct 2023 19:40:00 GMT Server initiated, running on port 5555
Mon, 02 Oct 2023 19:40:03 GMT Server initiated, running on port 5555
Mon, 02 Oct 2023 19:42:07 GMT Server initiated, running on port 5555
Mon, 02 Oct 2023 19:51:10 GMT Server initiated, running on port 5555
Mon, 02 Oct 2023 19:51:58 GMT Server initiated, running on port 5555
Mon, 02 Oct 2023 19:52:26 GMT Server initiated, running on port 5555
Mon, 02 Oct 2023 19:52:53 GMT Server initiated, running on port 5555
Mon, 02 Oct 2023 19:53:09 GMT Server initiated, running on port 5555
Mon, 02 Oct 2023 19:54:37 GMT Server initiated, running on port 5555
Mon, 02 Oct 2023 19:55:02 GMT Server initiated, running on port 5555
Tue, 03 Oct 2023 13:06:12 GMT Server initiated, running on port 5555
Tue, 03 Oct 2023 13:21:25 GMT Server initiated, running on port 5555
Tue, 03 Oct 2023 13:22:19 GMT Server initiated, running on port 5555
Tue, 03 Oct 2023 13:23:13 GMT Server initiated, running on port 5555
Fri, 27 Oct 2023 12:04:39 GMT Server initiated, running on port 5555
[Fri, 27 Oct 2023 12:06:05 GMT] - Finding zip code for Denver, CO, US.
[Fri, 27 Oct 2023 12:06:05 GMT] - Finding zip code for Denver, CO, US.
[Fri, 27 Oct 2023 12:07:01 GMT] - Finding zip code for Denver, CO, USA.
[Fri, 27 Oct 2023 12:07:01 GMT] - Finding zip code for Denver, CO, USA.
[Fri, 27 Oct 2023 12:07:55 GMT] - Finding zip code for Denver, CO, USA.
[Fri, 27 Oct 2023 12:07:55 GMT] - Finding zip code for Denver, CO, USA.
[Fri, 27 Oct 2023 12:10:33 GMT] - Finding zip code for Denver, CO, USA.
[Fri, 27 Oct 2023 12:10:33 GMT] - Finding zip code for Denver, CO, USA.
[Fri, 27 Oct 2023 12:10:53 GMT] - Finding zip code for Denver, CO, US.
[Fri, 27 Oct 2023 12:10:53 GMT] - Finding zip code for Denver, CO, US.
[Fri, 27 Oct 2023 12:11:05 GMT] - Finding zip code for St. Louis, MO, USA.
[Fri, 27 Oct 2023 12:11:05 GMT] - Finding zip code for St. Louis, MO, USA.
Fri, 27 Oct 2023 12:27:54 GMT Server initiated, running on port 5555
Fri, 27 Oct 2023 12:28:10 GMT Server initiated, running on port 5555
Fri, 27 Oct 2023 12:28:35 GMT Server initiated, running on port 5555
Fri, 27 Oct 2023 12:28:45 GMT Server initiated, running on port 5555
Fri, 27 Oct 2023 12:29:08 GMT Server initiated, running on port 5555
Fri, 27 Oct 2023 16:34:56 GMT Server initiated, running on port 5555
[Fri, 27 Oct 2023 16:34:58 GMT] - Finding market for 63195.
[Fri, 27 Oct 2023 16:34:58 GMT] - Finding market for 63195.
Mon, 06 Nov 2023 16:27:32 GMT Server initiated, running on port 5555
Mon, 06 Nov 2023 16:28:55 GMT Server initiated, running on port 5555
Mon, 06 Nov 2023 16:34:48 GMT Server initiated, running on port 5555
Mon, 06 Nov 2023 16:35:41 GMT Server initiated, running on port 5555
Mon, 06 Nov 2023 16:38:07 GMT Server initiated, running on port 5555
Mon, 06 Nov 2023 16:38:35 GMT Server initiated, running on port 5555
Mon, 06 Nov 2023 16:38:54 GMT Server initiated, running on port 5555
Mon, 06 Nov 2023 16:39:13 GMT Server initiated, running on port 5555
Mon, 06 Nov 2023 16:40:41 GMT Server initiated, running on port 5555
Mon, 06 Nov 2023 16:41:47 GMT Server initiated, running on port 5555
Mon, 06 Nov 2023 16:42:03 GMT Server initiated, running on port 5555
[Mon, 06 Nov 2023 16:43:21 GMT] - Finding zip code for St. Louis, MO, USA.
[Mon, 06 Nov 2023 16:43:21 GMT] - Finding zip code for St. Louis, MO, USA.
[Mon, 06 Nov 2023 16:44:30 GMT] - Finding zip code for St. Louis, MO, USA.
[Mon, 06 Nov 2023 16:44:30 GMT] - Finding zip code for St. Louis, MO, USA.
Mon, 06 Nov 2023 16:50:34 GMT Server initiated, running on port 5555
[Mon, 06 Nov 2023 16:50:38 GMT] - Finding zip code for St. Louis, MO, USA.
[Mon, 06 Nov 2023 16:50:38 GMT] - Finding zip code for St. Louis, MO, USA.
Mon, 06 Nov 2023 17:00:32 GMT Server initiated, running on port 5555
Mon, 06 Nov 2023 17:00:54 GMT Server initiated, running on port 5555
Mon, 06 Nov 2023 17:01:15 GMT Server initiated, running on port 5555
Mon, 06 Nov 2023 18:06:49 GMT Server initiated, running on port 5555
Tue, 07 Nov 2023 15:09:48 GMT Server initiated, running on port 5555
Tue, 07 Nov 2023 16:05:18 GMT Server initiated, running on port 5555
Tue, 07 Nov 2023 16:07:20 GMT Server initiated, running on port 5555
Tue, 07 Nov 2023 16:07:43 GMT Server initiated, running on port 5555
Wed, 29 Nov 2023 01:35:50 GMT Server initiated, running on port 5555
[Wed, 29 Nov 2023 01:39:19 GMT] - Finding zip code for orlando, florida, usa.
[Wed, 29 Nov 2023 01:39:19 GMT] - Finding zip code for orlando, florida, usa.
Wed, 29 Nov 2023 01:40:19 GMT Server initiated, running on port 5555
[Wed, 29 Nov 2023 01:40:24 GMT] - Finding zip code for orlando, florida, usa.
[Wed, 29 Nov 2023 01:40:24 GMT] - Finding zip code for orlando, florida, usa.
Wed, 29 Nov 2023 01:43:04 GMT Server initiated, running on port 5555
Wed, 29 Nov 2023 01:43:11 GMT Server initiated, running on port 5555
[Wed, 29 Nov 2023 01:43:13 GMT] - Finding zip code for orlando, florida, usa.
[Wed, 29 Nov 2023 01:43:13 GMT] - Finding zip code for orlando, florida, usa.
Wed, 29 Nov 2023 01:48:34 GMT Server initiated, running on port 5555
[Wed, 29 Nov 2023 01:48:38 GMT] - Finding zip code for orlando, florida, usa.
Wed, 29 Nov 2023 01:48:57 GMT Server initiated, running on port 5555
Wed, 29 Nov 2023 01:59:05 GMT Server initiated, running on port 5555
[Wed, 29 Nov 2023 02:19:12 GMT] - Finding zip code for orlando, florida, usa.
Wed, 29 Nov 2023 02:27:34 GMT Server initiated, running on port 5555
[Wed, 29 Nov 2023 02:27:40 GMT] - Finding zip code for orlando, florida, usa.
[Wed, 29 Nov 2023 02:33:57 GMT] - Finding zip code for orlando, fl, usa.
